commit 82373c46d609bc783a525abbbc406bb84bc61d76
Author: Jo Wayne Tan <jo.tan17@imperial.ac.uk>
Date:   Mon Mar 23 03:11:38 2020 +0000

    3rd commit

M	LidDrivenCavity.cpp
M	LidDrivenCavity.h
M	LidDrivenCavitySolver.cpp
M	PoissonSolver.cpp

commit 67420527cceb8cc50989507c8b3813ae9091333d
Author: Jo Wayne Tan <jo.tan17@imperial.ac.uk>
Date:   Fri Mar 13 14:04:49 2020 +0000

    2nd commit

M	LidDrivenCavity.cpp
M	LidDrivenCavity.h
M	LidDrivenCavitySolver.cpp
A	PoissonSolver.cpp
A	PoissonSolver.h

commit f35f23e1bc98a4acde0be943a07ffe674efdf7dd
Author: Jo Wayne Tan <jo.tan17@imperial.ac.uk>
Date:   Mon Mar 9 15:24:53 2020 +0000

    1st commit

A	LidDrivenCavity.cpp
A	LidDrivenCavity.h
A	LidDrivenCavitySolver.cpp
